--------------------------------------------------------------------------------
Release 14.6 Trace  (lin64)
Copyright (c) 1995-2013 Xilinx, Inc.  All rights reserved.

/opt/Xilinx/14.6/ISE_DS/ISE/bin/lin64/unwrapped/trce -intstyle ise -v 3 -s 2 -n
3 -fastpaths -xml mojo_top.twx mojo_top.ncd -o mojo_top.twr mojo_top.pcf

Design file:              mojo_top.ncd
Physical constraint file: mojo_top.pcf
Device,package,speed:     xc6slx9,tqg144,C,-2 (PRODUCTION 1.23 2013-06-08)
Report level:             verbose report

Environment Variable      Effect 
--------------------      ------ 
NONE                      No environment variables were set
--------------------------------------------------------------------------------

INFO:Timing:3412 - To improve timing, see the Timing Closure User Guide (UG612).
INFO:Timing:2752 - To get complete path coverage, use the unconstrained paths 
   option. All paths that are not constrained will be reported in the 
   unconstrained paths section(s) of the report.
INFO:Timing:3339 - The clock-to-out numbers in this timing report are based on 
   a 50 Ohm transmission line loading model.  For the details of this model, 
   and for more information on accounting for different loading conditions, 
   please see the device datasheet.

================================================================================
Timing constraint: TS_clk = PERIOD TIMEGRP "clk" 50 MHz HIGH 50%;
For more information, see Period Analysis in the Timing Closure User Guide (UG612).

 18084 paths analyzed, 235 endpoints analyzed, 0 failing endpoints
 0 timing errors detected. (0 setup errors, 0 hold errors, 0 component switching limit errors)
 Minimum period is   5.947ns.
--------------------------------------------------------------------------------

Paths for end point acoustic_pt/sleep_q_26 (SLICE_X13Y23.B1), 636 paths
--------------------------------------------------------------------------------
Slack (setup path):     14.053ns (requirement - (data path - clock path skew + uncertainty))
  Source:               acoustic_pt/sleep_q_0 (FF)
  Destination:          acoustic_pt/sleep_q_26 (FF)
  Requirement:          20.000ns
  Data Path Delay:      5.884ns (Levels of Logic = 9)
  Clock Path Skew:      -0.028ns (0.284 - 0.312)
  Source Clock:         clk_BUFGP rising at 0.000ns
  Destination Clock:    clk_BUFGP rising at 20.000ns
  Clock Uncertainty:    0.035ns

  Clock Uncertainty:          0.035ns  ((TSJ^2 + TIJ^2)^1/2 + DJ) / 2 + PE
    Total System Jitter (TSJ):  0.070ns
    Total Input Jitter (TIJ):   0.000ns
    Discrete Jitter (DJ):       0.000ns
    Phase Error (PE):           0.000ns

  Maximum Data Path at Slow Process Corner: acoustic_pt/sleep_q_0 to acoustic_pt/sleep_q_26
    Location             Delay type         Delay(ns)  Physical Resource
                                                       Logical Resource(s)
    -------------------------------------------------  -------------------
    SLICE_X16Y18.DQ      Tcko                  0.525   acoustic_pt/sleep_q<0>
                                                       acoustic_pt/sleep_q_0
    SLICE_X14Y15.A3      net (fanout=4)        0.861   acoustic_pt/sleep_q<0>
    SLICE_X14Y15.COUT    Topcya                0.472   acoustic_pt/Madd_sleep_q[26]_GND_9_o_add_3_OUT_cy<3>
                                                       acoustic_pt/Madd_sleep_q[26]_GND_9_o_add_3_OUT_lut<0>_INV_0
                                                       acoustic_pt/Madd_sleep_q[26]_GND_9_o_add_3_OUT_cy<3>
    SLICE_X14Y16.CIN     net (fanout=1)        0.003   acoustic_pt/Madd_sleep_q[26]_GND_9_o_add_3_OUT_cy<3>
    SLICE_X14Y16.COUT    Tbyp                  0.091   acoustic_pt/Madd_sleep_q[26]_GND_9_o_add_3_OUT_cy<7>
                                                       acoustic_pt/Madd_sleep_q[26]_GND_9_o_add_3_OUT_cy<7>
    SLICE_X14Y17.CIN     net (fanout=1)        0.003   acoustic_pt/Madd_sleep_q[26]_GND_9_o_add_3_OUT_cy<7>
    SLICE_X14Y17.COUT    Tbyp                  0.091   acoustic_pt/Madd_sleep_q[26]_GND_9_o_add_3_OUT_cy<11>
                                                       acoustic_pt/Madd_sleep_q[26]_GND_9_o_add_3_OUT_cy<11>
    SLICE_X14Y18.CIN     net (fanout=1)        0.003   acoustic_pt/Madd_sleep_q[26]_GND_9_o_add_3_OUT_cy<11>
    SLICE_X14Y18.COUT    Tbyp                  0.091   acoustic_pt/Madd_sleep_q[26]_GND_9_o_add_3_OUT_cy<15>
                                                       acoustic_pt/Madd_sleep_q[26]_GND_9_o_add_3_OUT_cy<15>
    SLICE_X14Y19.CIN     net (fanout=1)        0.003   acoustic_pt/Madd_sleep_q[26]_GND_9_o_add_3_OUT_cy<15>
    SLICE_X14Y19.COUT    Tbyp                  0.091   acoustic_pt/Madd_sleep_q[26]_GND_9_o_add_3_OUT_cy<19>
                                                       acoustic_pt/Madd_sleep_q[26]_GND_9_o_add_3_OUT_cy<19>
    SLICE_X14Y20.CIN     net (fanout=1)        0.003   acoustic_pt/Madd_sleep_q[26]_GND_9_o_add_3_OUT_cy<19>
    SLICE_X14Y20.COUT    Tbyp                  0.091   acoustic_pt/Madd_sleep_q[26]_GND_9_o_add_3_OUT_cy<23>
                                                       acoustic_pt/Madd_sleep_q[26]_GND_9_o_add_3_OUT_cy<23>
    SLICE_X14Y21.CIN     net (fanout=1)        0.003   acoustic_pt/Madd_sleep_q[26]_GND_9_o_add_3_OUT_cy<23>
    SLICE_X14Y21.CMUX    Tcinc                 0.289   acoustic_pt/sleep_q[26]_GND_9_o_add_3_OUT<26>
                                                       acoustic_pt/Madd_sleep_q[26]_GND_9_o_add_3_OUT_xor<26>
    SLICE_X16Y18.B2      net (fanout=1)        0.997   acoustic_pt/sleep_q[26]_GND_9_o_add_3_OUT<26>
    SLICE_X16Y18.BMUX    Topbb                 0.561   acoustic_pt/sleep_q<0>
                                                       acoustic_pt/Mcompar_PWR_3_o_sleep_q[26]_LessThan_5_o_lut<5>
                                                       acoustic_pt/sleep_q_0_rstpot_cy1
    SLICE_X13Y23.B1      net (fanout=26)       1.333   acoustic_pt/Mcompar_PWR_3_o_sleep_q[26]_LessThan_5_o_cy<5>
    SLICE_X13Y23.CLK     Tas                   0.373   acoustic_pt/sleep_q<26>
                                                       acoustic_pt/sleep_q_26_rstpot
                                                       acoustic_pt/sleep_q_26
    -------------------------------------------------  ---------------------------
    Total                                      5.884ns (2.675ns logic, 3.209ns route)
                                                       (45.5% logic, 54.5% route)

--------------------------------------------------------------------------------
Slack (setup path):     14.076ns (requirement - (data path - clock path skew + uncertainty))
  Source:               acoustic_pt/sleep_q_0 (FF)
  Destination:          acoustic_pt/sleep_q_26 (FF)
  Requirement:          20.000ns
  Data Path Delay:      5.861ns (Levels of Logic = 9)
  Clock Path Skew:      -0.028ns (0.284 - 0.312)
  Source Clock:         clk_BUFGP rising at 0.000ns
  Destination Clock:    clk_BUFGP rising at 20.000ns
  Clock Uncertainty:    0.035ns

  Clock Uncertainty:          0.035ns  ((TSJ^2 + TIJ^2)^1/2 + DJ) / 2 + PE
    Total System Jitter (TSJ):  0.070ns
    Total Input Jitter (TIJ):   0.000ns
    Discrete Jitter (DJ):       0.000ns
    Phase Error (PE):           0.000ns

  Maximum Data Path at Slow Process Corner: acoustic_pt/sleep_q_0 to acoustic_pt/sleep_q_26
    Location             Delay type         Delay(ns)  Physical Resource
                                                       Logical Resource(s)
    -------------------------------------------------  -------------------
    SLICE_X16Y18.DQ      Tcko                  0.525   acoustic_pt/sleep_q<0>
                                                       acoustic_pt/sleep_q_0
    SLICE_X14Y15.A3      net (fanout=4)        0.861   acoustic_pt/sleep_q<0>
    SLICE_X14Y15.COUT    Topcya                0.472   acoustic_pt/Madd_sleep_q[26]_GND_9_o_add_3_OUT_cy<3>
                                                       acoustic_pt/Madd_sleep_q[26]_GND_9_o_add_3_OUT_lut<0>_INV_0
                                                       acoustic_pt/Madd_sleep_q[26]_GND_9_o_add_3_OUT_cy<3>
    SLICE_X14Y16.CIN     net (fanout=1)        0.003   acoustic_pt/Madd_sleep_q[26]_GND_9_o_add_3_OUT_cy<3>
    SLICE_X14Y16.COUT    Tbyp                  0.091   acoustic_pt/Madd_sleep_q[26]_GND_9_o_add_3_OUT_cy<7>
                                                       acoustic_pt/Madd_sleep_q[26]_GND_9_o_add_3_OUT_cy<7>
    SLICE_X14Y17.CIN     net (fanout=1)        0.003   acoustic_pt/Madd_sleep_q[26]_GND_9_o_add_3_OUT_cy<7>
    SLICE_X14Y17.COUT    Tbyp                  0.091   acoustic_pt/Madd_sleep_q[26]_GND_9_o_add_3_OUT_cy<11>
                                                       acoustic_pt/Madd_sleep_q[26]_GND_9_o_add_3_OUT_cy<11>
    SLICE_X14Y18.CIN     net (fanout=1)        0.003   acoustic_pt/Madd_sleep_q[26]_GND_9_o_add_3_OUT_cy<11>
    SLICE_X14Y18.COUT    Tbyp                  0.091   acoustic_pt/Madd_sleep_q[26]_GND_9_o_add_3_OUT_cy<15>
                                                       acoustic_pt/Madd_sleep_q[26]_GND_9_o_add_3_OUT_cy<15>
    SLICE_X14Y19.CIN     net (fanout=1)        0.003   acoustic_pt/Madd_sleep_q[26]_GND_9_o_add_3_OUT_cy<15>
    SLICE_X14Y19.COUT    Tbyp                  0.091   acoustic_pt/Madd_sleep_q[26]_GND_9_o_add_3_OUT_cy<19>
                                                       acoustic_pt/Madd_sleep_q[26]_GND_9_o_add_3_OUT_cy<19>
    SLICE_X14Y20.CIN     net (fanout=1)        0.003   acoustic_pt/Madd_sleep_q[26]_GND_9_o_add_3_OUT_cy<19>
    SLICE_X14Y20.COUT    Tbyp                  0.091   acoustic_pt/Madd_sleep_q[26]_GND_9_o_add_3_OUT_cy<23>
                                                       acoustic_pt/Madd_sleep_q[26]_GND_9_o_add_3_OUT_cy<23>
    SLICE_X14Y21.CIN     net (fanout=1)        0.003   acoustic_pt/Madd_sleep_q[26]_GND_9_o_add_3_OUT_cy<23>
    SLICE_X14Y21.CMUX    Tcinc                 0.289   acoustic_pt/sleep_q[26]_GND_9_o_add_3_OUT<26>
                                                       acoustic_pt/Madd_sleep_q[26]_GND_9_o_add_3_OUT_xor<26>
    SLICE_X16Y18.B2      net (fanout=1)        0.997   acoustic_pt/sleep_q[26]_GND_9_o_add_3_OUT<26>
    SLICE_X16Y18.BMUX    Topbb                 0.538   acoustic_pt/sleep_q<0>
                                                       acoustic_pt/Mcompar_PWR_3_o_sleep_q[26]_LessThan_5_o_lutdi4
                                                       acoustic_pt/sleep_q_0_rstpot_cy1
    SLICE_X13Y23.B1      net (fanout=26)       1.333   acoustic_pt/Mcompar_PWR_3_o_sleep_q[26]_LessThan_5_o_cy<5>
    SLICE_X13Y23.CLK     Tas                   0.373   acoustic_pt/sleep_q<26>
                                                       acoustic_pt/sleep_q_26_rstpot
                                                       acoustic_pt/sleep_q_26
    -------------------------------------------------  ---------------------------
    Total                                      5.861ns (2.652ns logic, 3.209ns route)
                                                       (45.2% logic, 54.8% route)

--------------------------------------------------------------------------------
Slack (setup path):     14.106ns (requirement - (data path - clock path skew + uncertainty))
  Source:               acoustic_pt/sleep_q_0 (FF)
  Destination:          acoustic_pt/sleep_q_26 (FF)
  Requirement:          20.000ns
  Data Path Delay:      5.831ns (Levels of Logic = 8)
  Clock Path Skew:      -0.028ns (0.284 - 0.312)
  Source Clock:         clk_BUFGP rising at 0.000ns
  Destination Clock:    clk_BUFGP rising at 20.000ns
  Clock Uncertainty:    0.035ns

  Clock Uncertainty:          0.035ns  ((TSJ^2 + TIJ^2)^1/2 + DJ) / 2 + PE
    Total System Jitter (TSJ):  0.070ns
    Total Input Jitter (TIJ):   0.000ns
    Discrete Jitter (DJ):       0.000ns
    Phase Error (PE):           0.000ns

  Maximum Data Path at Slow Process Corner: acoustic_pt/sleep_q_0 to acoustic_pt/sleep_q_26
    Location             Delay type         Delay(ns)  Physical Resource
                                                       Logical Resource(s)
    -------------------------------------------------  -------------------
    SLICE_X16Y18.DQ      Tcko                  0.525   acoustic_pt/sleep_q<0>
                                                       acoustic_pt/sleep_q_0
    SLICE_X14Y15.A3      net (fanout=4)        0.861   acoustic_pt/sleep_q<0>
    SLICE_X14Y15.COUT    Topcya                0.472   acoustic_pt/Madd_sleep_q[26]_GND_9_o_add_3_OUT_cy<3>
                                                       acoustic_pt/Madd_sleep_q[26]_GND_9_o_add_3_OUT_lut<0>_INV_0
                                                       acoustic_pt/Madd_sleep_q[26]_GND_9_o_add_3_OUT_cy<3>
    SLICE_X14Y16.CIN     net (fanout=1)        0.003   acoustic_pt/Madd_sleep_q[26]_GND_9_o_add_3_OUT_cy<3>
    SLICE_X14Y16.COUT    Tbyp                  0.091   acoustic_pt/Madd_sleep_q[26]_GND_9_o_add_3_OUT_cy<7>
                                                       acoustic_pt/Madd_sleep_q[26]_GND_9_o_add_3_OUT_cy<7>
    SLICE_X14Y17.CIN     net (fanout=1)        0.003   acoustic_pt/Madd_sleep_q[26]_GND_9_o_add_3_OUT_cy<7>
    SLICE_X14Y17.COUT    Tbyp                  0.091   acoustic_pt/Madd_sleep_q[26]_GND_9_o_add_3_OUT_cy<11>
                                                       acoustic_pt/Madd_sleep_q[26]_GND_9_o_add_3_OUT_cy<11>
    SLICE_X14Y18.CIN     net (fanout=1)        0.003   acoustic_pt/Madd_sleep_q[26]_GND_9_o_add_3_OUT_cy<11>
    SLICE_X14Y18.COUT    Tbyp                  0.091   acoustic_pt/Madd_sleep_q[26]_GND_9_o_add_3_OUT_cy<15>
                                                       acoustic_pt/Madd_sleep_q[26]_GND_9_o_add_3_OUT_cy<15>
    SLICE_X14Y19.CIN     net (fanout=1)        0.003   acoustic_pt/Madd_sleep_q[26]_GND_9_o_add_3_OUT_cy<15>
    SLICE_X14Y19.COUT    Tbyp                  0.091   acoustic_pt/Madd_sleep_q[26]_GND_9_o_add_3_OUT_cy<19>
                                                       acoustic_pt/Madd_sleep_q[26]_GND_9_o_add_3_OUT_cy<19>
    SLICE_X14Y20.CIN     net (fanout=1)        0.003   acoustic_pt/Madd_sleep_q[26]_GND_9_o_add_3_OUT_cy<19>
    SLICE_X14Y20.CMUX    Tcinc                 0.289   acoustic_pt/Madd_sleep_q[26]_GND_9_o_add_3_OUT_cy<23>
                                                       acoustic_pt/Madd_sleep_q[26]_GND_9_o_add_3_OUT_cy<23>
    SLICE_X16Y18.A1      net (fanout=1)        1.009   acoustic_pt/sleep_q[26]_GND_9_o_add_3_OUT<22>
    SLICE_X16Y18.BMUX    Topab                 0.590   acoustic_pt/sleep_q<0>
                                                       acoustic_pt/Mcompar_PWR_3_o_sleep_q[26]_LessThan_5_o_lut<4>
                                                       acoustic_pt/sleep_q_0_rstpot_cy1
    SLICE_X13Y23.B1      net (fanout=26)       1.333   acoustic_pt/Mcompar_PWR_3_o_sleep_q[26]_LessThan_5_o_cy<5>
    SLICE_X13Y23.CLK     Tas                   0.373   acoustic_pt/sleep_q<26>
                                                       acoustic_pt/sleep_q_26_rstpot
                                                       acoustic_pt/sleep_q_26
    -------------------------------------------------  ---------------------------
    Total                                      5.831ns (2.613ns logic, 3.218ns route)
                                                       (44.8% logic, 55.2% route)

--------------------------------------------------------------------------------

Paths for end point acoustic_pt/sleep_q_24 (SLICE_X13Y22.D3), 636 paths
--------------------------------------------------------------------------------
Slack (setup path):     14.201ns (requirement - (data path - clock path skew + uncertainty))
  Source:               acoustic_pt/sleep_q_0 (FF)
  Destination:          acoustic_pt/sleep_q_24 (FF)
  Requirement:          20.000ns
  Data Path Delay:      5.738ns (Levels of Logic = 9)
  Clock Path Skew:      -0.026ns (0.286 - 0.312)
  Source Clock:         clk_BUFGP rising at 0.000ns
  Destination Clock:    clk_BUFGP rising at 20.000ns
  Clock Uncertainty:    0.035ns

  Clock Uncertainty:          0.035ns  ((TSJ^2 + TIJ^2)^1/2 + DJ) / 2 + PE
    Total System Jitter (TSJ):  0.070ns
    Total Input Jitter (TIJ):   0.000ns
    Discrete Jitter (DJ):       0.000ns
    Phase Error (PE):           0.000ns

  Maximum Data Path at Slow Process Corner: acoustic_pt/sleep_q_0 to acoustic_pt/sleep_q_24
    Location             Delay type         Delay(ns)  Physical Resource
                                                       Logical Resource(s)
    -------------------------------------------------  -------------------
    SLICE_X16Y18.DQ      Tcko                  0.525   acoustic_pt/sleep_q<0>
                                                       acoustic_pt/sleep_q_0
    SLICE_X14Y15.A3      net (fanout=4)        0.861   acoustic_pt/sleep_q<0>
    SLICE_X14Y15.COUT    Topcya                0.472   acoustic_pt/Madd_sleep_q[26]_GND_9_o_add_3_OUT_cy<3>
                                                       acoustic_pt/Madd_sleep_q[26]_GND_9_o_add_3_OUT_lut<0>_INV_0
                                                       acoustic_pt/Madd_sleep_q[26]_GND_9_o_add_3_OUT_cy<3>
    SLICE_X14Y16.CIN     net (fanout=1)        0.003   acoustic_pt/Madd_sleep_q[26]_GND_9_o_add_3_OUT_cy<3>
    SLICE_X14Y16.COUT    Tbyp                  0.091   acoustic_pt/Madd_sleep_q[26]_GND_9_o_add_3_OUT_cy<7>
                                                       acoustic_pt/Madd_sleep_q[26]_GND_9_o_add_3_OUT_cy<7>
    SLICE_X14Y17.CIN     net (fanout=1)        0.003   acoustic_pt/Madd_sleep_q[26]_GND_9_o_add_3_OUT_cy<7>
    SLICE_X14Y17.COUT    Tbyp                  0.091   acoustic_pt/Madd_sleep_q[26]_GND_9_o_add_3_OUT_cy<11>
                                                       acoustic_pt/Madd_sleep_q[26]_GND_9_o_add_3_OUT_cy<11>
    SLICE_X14Y18.CIN     net (fanout=1)        0.003   acoustic_pt/Madd_sleep_q[26]_GND_9_o_add_3_OUT_cy<11>
    SLICE_X14Y18.COUT    Tbyp                  0.091   acoustic_pt/Madd_sleep_q[26]_GND_9_o_add_3_OUT_cy<15>
                                                       acoustic_pt/Madd_sleep_q[26]_GND_9_o_add_3_OUT_cy<15>
    SLICE_X14Y19.CIN     net (fanout=1)        0.003   acoustic_pt/Madd_sleep_q[26]_GND_9_o_add_3_OUT_cy<15>
    SLICE_X14Y19.COUT    Tbyp                  0.091   acoustic_pt/Madd_sleep_q[26]_GND_9_o_add_3_OUT_cy<19>
                                                       acoustic_pt/Madd_sleep_q[26]_GND_9_o_add_3_OUT_cy<19>
    SLICE_X14Y20.CIN     net (fanout=1)        0.003   acoustic_pt/Madd_sleep_q[26]_GND_9_o_add_3_OUT_cy<19>
    SLICE_X14Y20.COUT    Tbyp                  0.091   acoustic_pt/Madd_sleep_q[26]_GND_9_o_add_3_OUT_cy<23>
                                                       acoustic_pt/Madd_sleep_q[26]_GND_9_o_add_3_OUT_cy<23>
    SLICE_X14Y21.CIN     net (fanout=1)        0.003   acoustic_pt/Madd_sleep_q[26]_GND_9_o_add_3_OUT_cy<23>
    SLICE_X14Y21.CMUX    Tcinc                 0.289   acoustic_pt/sleep_q[26]_GND_9_o_add_3_OUT<26>
                                                       acoustic_pt/Madd_sleep_q[26]_GND_9_o_add_3_OUT_xor<26>
    SLICE_X16Y18.B2      net (fanout=1)        0.997   acoustic_pt/sleep_q[26]_GND_9_o_add_3_OUT<26>
    SLICE_X16Y18.BMUX    Topbb                 0.561   acoustic_pt/sleep_q<0>
                                                       acoustic_pt/Mcompar_PWR_3_o_sleep_q[26]_LessThan_5_o_lut<5>
                                                       acoustic_pt/sleep_q_0_rstpot_cy1
    SLICE_X13Y22.D3      net (fanout=26)       1.187   acoustic_pt/Mcompar_PWR_3_o_sleep_q[26]_LessThan_5_o_cy<5>
    SLICE_X13Y22.CLK     Tas                   0.373   acoustic_pt/sleep_q<24>
                                                       acoustic_pt/sleep_q_24_rstpot
                                                       acoustic_pt/sleep_q_24
    -------------------------------------------------  ---------------------------
    Total                                      5.738ns (2.675ns logic, 3.063ns route)
                                                       (46.6% logic, 53.4% route)

--------------------------------------------------------------------------------
Slack (setup path):     14.224ns (requirement - (data path - clock path skew + uncertainty))
  Source:               acoustic_pt/sleep_q_0 (FF)
  Destination:          acoustic_pt/sleep_q_24 (FF)
  Requirement:          20.000ns
  Data Path Delay:      5.715ns (Levels of Logic = 9)
  Clock Path Skew:      -0.026ns (0.286 - 0.312)
  Source Clock:         clk_BUFGP rising at 0.000ns
  Destination Clock:    clk_BUFGP rising at 20.000ns
  Clock Uncertainty:    0.035ns

  Clock Uncertainty:          0.035ns  ((TSJ^2 + TIJ^2)^1/2 + DJ) / 2 + PE
    Total System Jitter (TSJ):  0.070ns
    Total Input Jitter (TIJ):   0.000ns
    Discrete Jitter (DJ):       0.000ns
    Phase Error (PE):           0.000ns

  Maximum Data Path at Slow Process Corner: acoustic_pt/sleep_q_0 to acoustic_pt/sleep_q_24
    Location             Delay type         Delay(ns)  Physical Resource
                                                       Logical Resource(s)
    -------------------------------------------------  -------------------
    SLICE_X16Y18.DQ      Tcko                  0.525   acoustic_pt/sleep_q<0>
                                                       acoustic_pt/sleep_q_0
    SLICE_X14Y15.A3      net (fanout=4)        0.861   acoustic_pt/sleep_q<0>
    SLICE_X14Y15.COUT    Topcya                0.472   acoustic_pt/Madd_sleep_q[26]_GND_9_o_add_3_OUT_cy<3>
                                                       acoustic_pt/Madd_sleep_q[26]_GND_9_o_add_3_OUT_lut<0>_INV_0
                                                       acoustic_pt/Madd_sleep_q[26]_GND_9_o_add_3_OUT_cy<3>
    SLICE_X14Y16.CIN     net (fanout=1)        0.003   acoustic_pt/Madd_sleep_q[26]_GND_9_o_add_3_OUT_cy<3>
    SLICE_X14Y16.COUT    Tbyp                  0.091   acoustic_pt/Madd_sleep_q[26]_GND_9_o_add_3_OUT_cy<7>
                                                       acoustic_pt/Madd_sleep_q[26]_GND_9_o_add_3_OUT_cy<7>
    SLICE_X14Y17.CIN     net (fanout=1)        0.003   acoustic_pt/Madd_sleep_q[26]_GND_9_o_add_3_OUT_cy<7>
    SLICE_X14Y17.COUT    Tbyp                  0.091   acoustic_pt/Madd_sleep_q[26]_GND_9_o_add_3_OUT_cy<11>
                                                       acoustic_pt/Madd_sleep_q[26]_GND_9_o_add_3_OUT_cy<11>
    SLICE_X14Y18.CIN     net (fanout=1)        0.003   acoustic_pt/Madd_sleep_q[26]_GND_9_o_add_3_OUT_cy<11>
    SLICE_X14Y18.COUT    Tbyp                  0.091   acoustic_pt/Madd_sleep_q[26]_GND_9_o_add_3_OUT_cy<15>
                                                       acoustic_pt/Madd_sleep_q[26]_GND_9_o_add_3_OUT_cy<15>
    SLICE_X14Y19.CIN     net (fanout=1)        0.003   acoustic_pt/Madd_sleep_q[26]_GND_9_o_add_3_OUT_cy<15>
    SLICE_X14Y19.COUT    Tbyp                  0.091   acoustic_pt/Madd_sleep_q[26]_GND_9_o_add_3_OUT_cy<19>
                                                       acoustic_pt/Madd_sleep_q[26]_GND_9_o_add_3_OUT_cy<19>
    SLICE_X14Y20.CIN     net (fanout=1)        0.003   acoustic_pt/Madd_sleep_q[26]_GND_9_o_add_3_OUT_cy<19>
    SLICE_X14Y20.COUT    Tbyp                  0.091   acoustic_pt/Madd_sleep_q[26]_GND_9_o_add_3_OUT_cy<23>
                                                       acoustic_pt/Madd_sleep_q[26]_GND_9_o_add_3_OUT_cy<23>
    SLICE_X14Y21.CIN     net (fanout=1)        0.003   acoustic_pt/Madd_sleep_q[26]_GND_9_o_add_3_OUT_cy<23>
    SLICE_X14Y21.CMUX    Tcinc                 0.289   acoustic_pt/sleep_q[26]_GND_9_o_add_3_OUT<26>
                                                       acoustic_pt/Madd_sleep_q[26]_GND_9_o_add_3_OUT_xor<26>
    SLICE_X16Y18.B2      net (fanout=1)        0.997   acoustic_pt/sleep_q[26]_GND_9_o_add_3_OUT<26>
    SLICE_X16Y18.BMUX    Topbb                 0.538   acoustic_pt/sleep_q<0>
                                                       acoustic_pt/Mcompar_PWR_3_o_sleep_q[26]_LessThan_5_o_lutdi4
                                                       acoustic_pt/sleep_q_0_rstpot_cy1
    SLICE_X13Y22.D3      net (fanout=26)       1.187   acoustic_pt/Mcompar_PWR_3_o_sleep_q[26]_LessThan_5_o_cy<5>
    SLICE_X13Y22.CLK     Tas                   0.373   acoustic_pt/sleep_q<24>
                                                       acoustic_pt/sleep_q_24_rstpot
                                                       acoustic_pt/sleep_q_24
    -------------------------------------------------  ---------------------------
    Total                                      5.715ns (2.652ns logic, 3.063ns route)
                                                       (46.4% logic, 53.6% route)

--------------------------------------------------------------------------------
Slack (setup path):     14.254ns (requirement - (data path - clock path skew + uncertainty))
  Source:               acoustic_pt/sleep_q_0 (FF)
  Destination:          acoustic_pt/sleep_q_24 (FF)
  Requirement:          20.000ns
  Data Path Delay:      5.685ns (Levels of Logic = 8)
  Clock Path Skew:      -0.026ns (0.286 - 0.312)
  Source Clock:         clk_BUFGP rising at 0.000ns
  Destination Clock:    clk_BUFGP rising at 20.000ns
  Clock Uncertainty:    0.035ns

  Clock Uncertainty:          0.035ns  ((TSJ^2 + TIJ^2)^1/2 + DJ) / 2 + PE
    Total System Jitter (TSJ):  0.070ns
    Total Input Jitter (TIJ):   0.000ns
    Discrete Jitter (DJ):       0.000ns
    Phase Error (PE):           0.000ns

  Maximum Data Path at Slow Process Corner: acoustic_pt/sleep_q_0 to acoustic_pt/sleep_q_24
    Location             Delay type         Delay(ns)  Physical Resource
                                                       Logical Resource(s)
    -------------------------------------------------  -------------------
    SLICE_X16Y18.DQ      Tcko                  0.525   acoustic_pt/sleep_q<0>
                                                       acoustic_pt/sleep_q_0
    SLICE_X14Y15.A3      net (fanout=4)        0.861   acoustic_pt/sleep_q<0>
    SLICE_X14Y15.COUT    Topcya                0.472   acoustic_pt/Madd_sleep_q[26]_GND_9_o_add_3_OUT_cy<3>
                                                       acoustic_pt/Madd_sleep_q[26]_GND_9_o_add_3_OUT_lut<0>_INV_0
                                                       acoustic_pt/Madd_sleep_q[26]_GND_9_o_add_3_OUT_cy<3>
    SLICE_X14Y16.CIN     net (fanout=1)        0.003   acoustic_pt/Madd_sleep_q[26]_GND_9_o_add_3_OUT_cy<3>
    SLICE_X14Y16.COUT    Tbyp                  0.091   acoustic_pt/Madd_sleep_q[26]_GND_9_o_add_3_OUT_cy<7>
                                                       acoustic_pt/Madd_sleep_q[26]_GND_9_o_add_3_OUT_cy<7>
    SLICE_X14Y17.CIN     net (fanout=1)        0.003   acoustic_pt/Madd_sleep_q[26]_GND_9_o_add_3_OUT_cy<7>
    SLICE_X14Y17.COUT    Tbyp                  0.091   acoustic_pt/Madd_sleep_q[26]_GND_9_o_add_3_OUT_cy<11>
                                                       acoustic_pt/Madd_sleep_q[26]_GND_9_o_add_3_OUT_cy<11>
    SLICE_X14Y18.CIN     net (fanout=1)        0.003   acoustic_pt/Madd_sleep_q[26]_GND_9_o_add_3_OUT_cy<11>
    SLICE_X14Y18.COUT    Tbyp                  0.091   acoustic_pt/Madd_sleep_q[26]_GND_9_o_add_3_OUT_cy<15>
                                                       acoustic_pt/Madd_sleep_q[26]_GND_9_o_add_3_OUT_cy<15>
    SLICE_X14Y19.CIN     net (fanout=1)        0.003   acoustic_pt/Madd_sleep_q[26]_GND_9_o_add_3_OUT_cy<15>
    SLICE_X14Y19.COUT    Tbyp                  0.091   acoustic_pt/Madd_sleep_q[26]_GND_9_o_add_3_OUT_cy<19>
                                                       acoustic_pt/Madd_sleep_q[26]_GND_9_o_add_3_OUT_cy<19>
    SLICE_X14Y20.CIN     net (fanout=1)        0.003   acoustic_pt/Madd_sleep_q[26]_GND_9_o_add_3_OUT_cy<19>
    SLICE_X14Y20.CMUX    Tcinc                 0.289   acoustic_pt/Madd_sleep_q[26]_GND_9_o_add_3_OUT_cy<23>
                                                       acoustic_pt/Madd_sleep_q[26]_GND_9_o_add_3_OUT_cy<23>
    SLICE_X16Y18.A1      net (fanout=1)        1.009   acoustic_pt/sleep_q[26]_GND_9_o_add_3_OUT<22>
    SLICE_X16Y18.BMUX    Topab                 0.590   acoustic_pt/sleep_q<0>
                                                       acoustic_pt/Mcompar_PWR_3_o_sleep_q[26]_LessThan_5_o_lut<4>
                                                       acoustic_pt/sleep_q_0_rstpot_cy1
    SLICE_X13Y22.D3      net (fanout=26)       1.187   acoustic_pt/Mcompar_PWR_3_o_sleep_q[26]_LessThan_5_o_cy<5>
    SLICE_X13Y22.CLK     Tas                   0.373   acoustic_pt/sleep_q<24>
                                                       acoustic_pt/sleep_q_24_rstpot
                                                       acoustic_pt/sleep_q_24
    -------------------------------------------------  ---------------------------
    Total                                      5.685ns (2.613ns logic, 3.072ns route)
                                                       (46.0% logic, 54.0% route)

--------------------------------------------------------------------------------

Paths for end point acoustic_pt/sleep_q_23 (SLICE_X13Y22.C3), 636 paths
--------------------------------------------------------------------------------
Slack (setup path):     14.234ns (requirement - (data path - clock path skew + uncertainty))
  Source:               acoustic_pt/sleep_q_0 (FF)
  Destination:          acoustic_pt/sleep_q_23 (FF)
  Requirement:          20.000ns
  Data Path Delay:      5.705ns (Levels of Logic = 9)
  Clock Path Skew:      -0.026ns (0.286 - 0.312)
  Source Clock:         clk_BUFGP rising at 0.000ns
  Destination Clock:    clk_BUFGP rising at 20.000ns
  Clock Uncertainty:    0.035ns

  Clock Uncertainty:          0.035ns  ((TSJ^2 + TIJ^2)^1/2 + DJ) / 2 + PE
    Total System Jitter (TSJ):  0.070ns
    Total Input Jitter (TIJ):   0.000ns
    Discrete Jitter (DJ):       0.000ns
    Phase Error (PE):           0.000ns

  Maximum Data Path at Slow Process Corner: acoustic_pt/sleep_q_0 to acoustic_pt/sleep_q_23
    Location             Delay type         Delay(ns)  Physical Resource
                                                       Logical Resource(s)
    -------------------------------------------------  -------------------
    SLICE_X16Y18.DQ      Tcko                  0.525   acoustic_pt/sleep_q<0>
                                                       acoustic_pt/sleep_q_0
    SLICE_X14Y15.A3      net (fanout=4)        0.861   acoustic_pt/sleep_q<0>
    SLICE_X14Y15.COUT    Topcya                0.472   acoustic_pt/Madd_sleep_q[26]_GND_9_o_add_3_OUT_cy<3>
                                                       acoustic_pt/Madd_sleep_q[26]_GND_9_o_add_3_OUT_lut<0>_INV_0
                                                       acoustic_pt/Madd_sleep_q[26]_GND_9_o_add_3_OUT_cy<3>
    SLICE_X14Y16.CIN     net (fanout=1)        0.003   acoustic_pt/Madd_sleep_q[26]_GND_9_o_add_3_OUT_cy<3>
    SLICE_X14Y16.COUT    Tbyp                  0.091   acoustic_pt/Madd_sleep_q[26]_GND_9_o_add_3_OUT_cy<7>
                                                       acoustic_pt/Madd_sleep_q[26]_GND_9_o_add_3_OUT_cy<7>
    SLICE_X14Y17.CIN     net (fanout=1)        0.003   acoustic_pt/Madd_sleep_q[26]_GND_9_o_add_3_OUT_cy<7>
    SLICE_X14Y17.COUT    Tbyp                  0.091   acoustic_pt/Madd_sleep_q[26]_GND_9_o_add_3_OUT_cy<11>
                                                       acoustic_pt/Madd_sleep_q[26]_GND_9_o_add_3_OUT_cy<11>
    SLICE_X14Y18.CIN     net (fanout=1)        0.003   acoustic_pt/Madd_sleep_q[26]_GND_9_o_add_3_OUT_cy<11>
    SLICE_X14Y18.COUT    Tbyp                  0.091   acoustic_pt/Madd_sleep_q[26]_GND_9_o_add_3_OUT_cy<15>
                                                       acoustic_pt/Madd_sleep_q[26]_GND_9_o_add_3_OUT_cy<15>
    SLICE_X14Y19.CIN     net (fanout=1)        0.003   acoustic_pt/Madd_sleep_q[26]_GND_9_o_add_3_OUT_cy<15>
    SLICE_X14Y19.COUT    Tbyp                  0.091   acoustic_pt/Madd_sleep_q[26]_GND_9_o_add_3_OUT_cy<19>
                                                       acoustic_pt/Madd_sleep_q[26]_GND_9_o_add_3_OUT_cy<19>
    SLICE_X14Y20.CIN     net (fanout=1)        0.003   acoustic_pt/Madd_sleep_q[26]_GND_9_o_add_3_OUT_cy<19>
    SLICE_X14Y20.COUT    Tbyp                  0.091   acoustic_pt/Madd_sleep_q[26]_GND_9_o_add_3_OUT_cy<23>
                                                       acoustic_pt/Madd_sleep_q[26]_GND_9_o_add_3_OUT_cy<23>
    SLICE_X14Y21.CIN     net (fanout=1)        0.003   acoustic_pt/Madd_sleep_q[26]_GND_9_o_add_3_OUT_cy<23>
    SLICE_X14Y21.CMUX    Tcinc                 0.289   acoustic_pt/sleep_q[26]_GND_9_o_add_3_OUT<26>
                                                       acoustic_pt/Madd_sleep_q[26]_GND_9_o_add_3_OUT_xor<26>
    SLICE_X16Y18.B2      net (fanout=1)        0.997   acoustic_pt/sleep_q[26]_GND_9_o_add_3_OUT<26>
    SLICE_X16Y18.BMUX    Topbb                 0.561   acoustic_pt/sleep_q<0>
                                                       acoustic_pt/Mcompar_PWR_3_o_sleep_q[26]_LessThan_5_o_lut<5>
                                                       acoustic_pt/sleep_q_0_rstpot_cy1
    SLICE_X13Y22.C3      net (fanout=26)       1.154   acoustic_pt/Mcompar_PWR_3_o_sleep_q[26]_LessThan_5_o_cy<5>
    SLICE_X13Y22.CLK     Tas                   0.373   acoustic_pt/sleep_q<24>
                                                       acoustic_pt/sleep_q_23_rstpot
                                                       acoustic_pt/sleep_q_23
    -------------------------------------------------  ---------------------------
    Total                                      5.705ns (2.675ns logic, 3.030ns route)
                                                       (46.9% logic, 53.1% route)

--------------------------------------------------------------------------------
Slack (setup path):     14.257ns (requirement - (data path - clock path skew + uncertainty))
  Source:               acoustic_pt/sleep_q_0 (FF)
  Destination:          acoustic_pt/sleep_q_23 (FF)
  Requirement:          20.000ns
  Data Path Delay:      5.682ns (Levels of Logic = 9)
  Clock Path Skew:      -0.026ns (0.286 - 0.312)
  Source Clock:         clk_BUFGP rising at 0.000ns
  Destination Clock:    clk_BUFGP rising at 20.000ns
  Clock Uncertainty:    0.035ns

  Clock Uncertainty:          0.035ns  ((TSJ^2 + TIJ^2)^1/2 + DJ) / 2 + PE
    Total System Jitter (TSJ):  0.070ns
    Total Input Jitter (TIJ):   0.000ns
    Discrete Jitter (DJ):       0.000ns
    Phase Error (PE):           0.000ns

  Maximum Data Path at Slow Process Corner: acoustic_pt/sleep_q_0 to acoustic_pt/sleep_q_23
    Location             Delay type         Delay(ns)  Physical Resource
                                                       Logical Resource(s)
    -------------------------------------------------  -------------------
    SLICE_X16Y18.DQ      Tcko                  0.525   acoustic_pt/sleep_q<0>
                                                       acoustic_pt/sleep_q_0
    SLICE_X14Y15.A3      net (fanout=4)        0.861   acoustic_pt/sleep_q<0>
    SLICE_X14Y15.COUT    Topcya                0.472   acoustic_pt/Madd_sleep_q[26]_GND_9_o_add_3_OUT_cy<3>
                                                       acoustic_pt/Madd_sleep_q[26]_GND_9_o_add_3_OUT_lut<0>_INV_0
                                                       acoustic_pt/Madd_sleep_q[26]_GND_9_o_add_3_OUT_cy<3>
    SLICE_X14Y16.CIN     net (fanout=1)        0.003   acoustic_pt/Madd_sleep_q[26]_GND_9_o_add_3_OUT_cy<3>
    SLICE_X14Y16.COUT    Tbyp                  0.091   acoustic_pt/Madd_sleep_q[26]_GND_9_o_add_3_OUT_cy<7>
                                                       acoustic_pt/Madd_sleep_q[26]_GND_9_o_add_3_OUT_cy<7>
    SLICE_X14Y17.CIN     net (fanout=1)        0.003   acoustic_pt/Madd_sleep_q[26]_GND_9_o_add_3_OUT_cy<7>
    SLICE_X14Y17.COUT    Tbyp                  0.091   acoustic_pt/Madd_sleep_q[26]_GND_9_o_add_3_OUT_cy<11>
                                                       acoustic_pt/Madd_sleep_q[26]_GND_9_o_add_3_OUT_cy<11>
    SLICE_X14Y18.CIN     net (fanout=1)        0.003   acoustic_pt/Madd_sleep_q[26]_GND_9_o_add_3_OUT_cy<11>
    SLICE_X14Y18.COUT    Tbyp                  0.091   acoustic_pt/Madd_sleep_q[26]_GND_9_o_add_3_OUT_cy<15>
                                                       acoustic_pt/Madd_sleep_q[26]_GND_9_o_add_3_OUT_cy<15>
    SLICE_X14Y19.CIN     net (fanout=1)        0.003   acoustic_pt/Madd_sleep_q[26]_GND_9_o_add_3_OUT_cy<15>
    SLICE_X14Y19.COUT    Tbyp                  0.091   acoustic_pt/Madd_sleep_q[26]_GND_9_o_add_3_OUT_cy<19>
                                                       acoustic_pt/Madd_sleep_q[26]_GND_9_o_add_3_OUT_cy<19>
    SLICE_X14Y20.CIN     net (fanout=1)        0.003   acoustic_pt/Madd_sleep_q[26]_GND_9_o_add_3_OUT_cy<19>
    SLICE_X14Y20.COUT    Tbyp                  0.091   acoustic_pt/Madd_sleep_q[26]_GND_9_o_add_3_OUT_cy<23>
                                                       acoustic_pt/Madd_sleep_q[26]_GND_9_o_add_3_OUT_cy<23>
    SLICE_X14Y21.CIN     net (fanout=1)        0.003   acoustic_pt/Madd_sleep_q[26]_GND_9_o_add_3_OUT_cy<23>
    SLICE_X14Y21.CMUX    Tcinc                 0.289   acoustic_pt/sleep_q[26]_GND_9_o_add_3_OUT<26>
                                                       acoustic_pt/Madd_sleep_q[26]_GND_9_o_add_3_OUT_xor<26>
    SLICE_X16Y18.B2      net (fanout=1)        0.997   acoustic_pt/sleep_q[26]_GND_9_o_add_3_OUT<26>
    SLICE_X16Y18.BMUX    Topbb                 0.538   acoustic_pt/sleep_q<0>
                                                       acoustic_pt/Mcompar_PWR_3_o_sleep_q[26]_LessThan_5_o_lutdi4
                                                       acoustic_pt/sleep_q_0_rstpot_cy1
    SLICE_X13Y22.C3      net (fanout=26)       1.154   acoustic_pt/Mcompar_PWR_3_o_sleep_q[26]_LessThan_5_o_cy<5>
    SLICE_X13Y22.CLK     Tas                   0.373   acoustic_pt/sleep_q<24>
                                                       acoustic_pt/sleep_q_23_rstpot
                                                       acoustic_pt/sleep_q_23
    -------------------------------------------------  ---------------------------
    Total                                      5.682ns (2.652ns logic, 3.030ns route)
                                                       (46.7% logic, 53.3% route)

--------------------------------------------------------------------------------
Slack (setup path):     14.287ns (requirement - (data path - clock path skew + uncertainty))
  Source:               acoustic_pt/sleep_q_0 (FF)
  Destination:          acoustic_pt/sleep_q_23 (FF)
  Requirement:          20.000ns
  Data Path Delay:      5.652ns (Levels of Logic = 8)
  Clock Path Skew:      -0.026ns (0.286 - 0.312)
  Source Clock:         clk_BUFGP rising at 0.000ns
  Destination Clock:    clk_BUFGP rising at 20.000ns
  Clock Uncertainty:    0.035ns

  Clock Uncertainty:          0.035ns  ((TSJ^2 + TIJ^2)^1/2 + DJ) / 2 + PE
    Total System Jitter (TSJ):  0.070ns
    Total Input Jitter (TIJ):   0.000ns
    Discrete Jitter (DJ):       0.000ns
    Phase Error (PE):           0.000ns

  Maximum Data Path at Slow Process Corner: acoustic_pt/sleep_q_0 to acoustic_pt/sleep_q_23
    Location             Delay type         Delay(ns)  Physical Resource
                                                       Logical Resource(s)
    -------------------------------------------------  -------------------
    SLICE_X16Y18.DQ      Tcko                  0.525   acoustic_pt/sleep_q<0>
                                                       acoustic_pt/sleep_q_0
    SLICE_X14Y15.A3      net (fanout=4)        0.861   acoustic_pt/sleep_q<0>
    SLICE_X14Y15.COUT    Topcya                0.472   acoustic_pt/Madd_sleep_q[26]_GND_9_o_add_3_OUT_cy<3>
                                                       acoustic_pt/Madd_sleep_q[26]_GND_9_o_add_3_OUT_lut<0>_INV_0
                                                       acoustic_pt/Madd_sleep_q[26]_GND_9_o_add_3_OUT_cy<3>
    SLICE_X14Y16.CIN     net (fanout=1)        0.003   acoustic_pt/Madd_sleep_q[26]_GND_9_o_add_3_OUT_cy<3>
    SLICE_X14Y16.COUT    Tbyp                  0.091   acoustic_pt/Madd_sleep_q[26]_GND_9_o_add_3_OUT_cy<7>
                                                       acoustic_pt/Madd_sleep_q[26]_GND_9_o_add_3_OUT_cy<7>
    SLICE_X14Y17.CIN     net (fanout=1)        0.003   acoustic_pt/Madd_sleep_q[26]_GND_9_o_add_3_OUT_cy<7>
    SLICE_X14Y17.COUT    Tbyp                  0.091   acoustic_pt/Madd_sleep_q[26]_GND_9_o_add_3_OUT_cy<11>
                                                       acoustic_pt/Madd_sleep_q[26]_GND_9_o_add_3_OUT_cy<11>
    SLICE_X14Y18.CIN     net (fanout=1)        0.003   acoustic_pt/Madd_sleep_q[26]_GND_9_o_add_3_OUT_cy<11>
    SLICE_X14Y18.COUT    Tbyp                  0.091   acoustic_pt/Madd_sleep_q[26]_GND_9_o_add_3_OUT_cy<15>
                                                       acoustic_pt/Madd_sleep_q[26]_GND_9_o_add_3_OUT_cy<15>
    SLICE_X14Y19.CIN     net (fanout=1)        0.003   acoustic_pt/Madd_sleep_q[26]_GND_9_o_add_3_OUT_cy<15>
    SLICE_X14Y19.COUT    Tbyp                  0.091   acoustic_pt/Madd_sleep_q[26]_GND_9_o_add_3_OUT_cy<19>
                                                       acoustic_pt/Madd_sleep_q[26]_GND_9_o_add_3_OUT_cy<19>
    SLICE_X14Y20.CIN     net (fanout=1)        0.003   acoustic_pt/Madd_sleep_q[26]_GND_9_o_add_3_OUT_cy<19>
    SLICE_X14Y20.CMUX    Tcinc                 0.289   acoustic_pt/Madd_sleep_q[26]_GND_9_o_add_3_OUT_cy<23>
                                                       acoustic_pt/Madd_sleep_q[26]_GND_9_o_add_3_OUT_cy<23>
    SLICE_X16Y18.A1      net (fanout=1)        1.009   acoustic_pt/sleep_q[26]_GND_9_o_add_3_OUT<22>
    SLICE_X16Y18.BMUX    Topab                 0.590   acoustic_pt/sleep_q<0>
                                                       acoustic_pt/Mcompar_PWR_3_o_sleep_q[26]_LessThan_5_o_lut<4>
                                                       acoustic_pt/sleep_q_0_rstpot_cy1
    SLICE_X13Y22.C3      net (fanout=26)       1.154   acoustic_pt/Mcompar_PWR_3_o_sleep_q[26]_LessThan_5_o_cy<5>
    SLICE_X13Y22.CLK     Tas                   0.373   acoustic_pt/sleep_q<24>
                                                       acoustic_pt/sleep_q_23_rstpot
                                                       acoustic_pt/sleep_q_23
    -------------------------------------------------  ---------------------------
    Total                                      5.652ns (2.613ns logic, 3.039ns route)
                                                       (46.2% logic, 53.8% route)

--------------------------------------------------------------------------------

Hold Paths: TS_clk = PERIOD TIMEGRP "clk" 50 MHz HIGH 50%;
--------------------------------------------------------------------------------

Paths for end point acoustic_pt/sleep_q_16 (SLICE_X13Y20.D6), 1 path
--------------------------------------------------------------------------------
Slack (hold path):      0.446ns (requirement - (clock path skew + uncertainty - data path))
  Source:               acoustic_pt/sleep_q_16 (FF)
  Destination:          acoustic_pt/sleep_q_16 (FF)
  Requirement:          0.000ns
  Data Path Delay:      0.446ns (Levels of Logic = 1)
  Clock Path Skew:      0.000ns
  Source Clock:         clk_BUFGP rising at 20.000ns
  Destination Clock:    clk_BUFGP rising at 20.000ns
  Clock Uncertainty:    0.000ns

  Minimum Data Path at Fast Process Corner: acoustic_pt/sleep_q_16 to acoustic_pt/sleep_q_16
    Location             Delay type         Delay(ns)  Physical Resource
                                                       Logical Resource(s)
    -------------------------------------------------  -------------------
    SLICE_X13Y20.DQ      Tcko                  0.198   acoustic_pt/sleep_q<16>
                                                       acoustic_pt/sleep_q_16
    SLICE_X13Y20.D6      net (fanout=4)        0.033   acoustic_pt/sleep_q<16>
    SLICE_X13Y20.CLK     Tah         (-Th)    -0.215   acoustic_pt/sleep_q<16>
                                                       acoustic_pt/sleep_q_16_rstpot
                                                       acoustic_pt/sleep_q_16
    -------------------------------------------------  ---------------------------
    Total                                      0.446ns (0.413ns logic, 0.033ns route)
                                                       (92.6% logic, 7.4% route)

--------------------------------------------------------------------------------

Paths for end point acoustic_pt/sleep_q_20 (SLICE_X13Y21.D6), 1 path
--------------------------------------------------------------------------------
Slack (hold path):      0.446ns (requirement - (clock path skew + uncertainty - data path))
  Source:               acoustic_pt/sleep_q_20 (FF)
  Destination:          acoustic_pt/sleep_q_20 (FF)
  Requirement:          0.000ns
  Data Path Delay:      0.446ns (Levels of Logic = 1)
  Clock Path Skew:      0.000ns
  Source Clock:         clk_BUFGP rising at 20.000ns
  Destination Clock:    clk_BUFGP rising at 20.000ns
  Clock Uncertainty:    0.000ns

  Minimum Data Path at Fast Process Corner: acoustic_pt/sleep_q_20 to acoustic_pt/sleep_q_20
    Location             Delay type         Delay(ns)  Physical Resource
                                                       Logical Resource(s)
    -------------------------------------------------  -------------------
    SLICE_X13Y21.DQ      Tcko                  0.198   acoustic_pt/sleep_q<20>
                                                       acoustic_pt/sleep_q_20
    SLICE_X13Y21.D6      net (fanout=4)        0.033   acoustic_pt/sleep_q<20>
    SLICE_X13Y21.CLK     Tah         (-Th)    -0.215   acoustic_pt/sleep_q<20>
                                                       acoustic_pt/sleep_q_20_rstpot
                                                       acoustic_pt/sleep_q_20
    -------------------------------------------------  ---------------------------
    Total                                      0.446ns (0.413ns logic, 0.033ns route)
                                                       (92.6% logic, 7.4% route)

--------------------------------------------------------------------------------

Paths for end point acoustic_pt/sleep_q_24 (SLICE_X13Y22.D6), 1 path
--------------------------------------------------------------------------------
Slack (hold path):      0.446ns (requirement - (clock path skew + uncertainty - data path))
  Source:               acoustic_pt/sleep_q_24 (FF)
  Destination:          acoustic_pt/sleep_q_24 (FF)
  Requirement:          0.000ns
  Data Path Delay:      0.446ns (Levels of Logic = 1)
  Clock Path Skew:      0.000ns
  Source Clock:         clk_BUFGP rising at 20.000ns
  Destination Clock:    clk_BUFGP rising at 20.000ns
  Clock Uncertainty:    0.000ns

  Minimum Data Path at Fast Process Corner: acoustic_pt/sleep_q_24 to acoustic_pt/sleep_q_24
    Location             Delay type         Delay(ns)  Physical Resource
                                                       Logical Resource(s)
    -------------------------------------------------  -------------------
    SLICE_X13Y22.DQ      Tcko                  0.198   acoustic_pt/sleep_q<24>
                                                       acoustic_pt/sleep_q_24
    SLICE_X13Y22.D6      net (fanout=4)        0.033   acoustic_pt/sleep_q<24>
    SLICE_X13Y22.CLK     Tah         (-Th)    -0.215   acoustic_pt/sleep_q<24>
                                                       acoustic_pt/sleep_q_24_rstpot
                                                       acoustic_pt/sleep_q_24
    -------------------------------------------------  ---------------------------
    Total                                      0.446ns (0.413ns logic, 0.033ns route)
                                                       (92.6% logic, 7.4% route)

--------------------------------------------------------------------------------

Component Switching Limit Checks: TS_clk = PERIOD TIMEGRP "clk" 50 MHz HIGH 50%;
--------------------------------------------------------------------------------
Slack: 17.334ns (period - min period limit)
  Period: 20.000ns
  Min period limit: 2.666ns (375.094MHz) (Tbcper_I)
  Physical resource: clk_BUFGP/BUFG/I0
  Logical resource: clk_BUFGP/BUFG/I0
  Location pin: BUFGMUX_X2Y11.I0
  Clock network: clk_BUFGP/IBUFG
--------------------------------------------------------------------------------
Slack: 19.520ns (period - min period limit)
  Period: 20.000ns
  Min period limit: 0.480ns (2083.333MHz) (Tcp)
  Physical resource: led_wave/ctr_q<15>/CLK
  Logical resource: led_wave/ctr_q_12/CK
  Location pin: SLICE_X8Y43.CLK
  Clock network: clk_BUFGP
--------------------------------------------------------------------------------
Slack: 19.520ns (period - min period limit)
  Period: 20.000ns
  Min period limit: 0.480ns (2083.333MHz) (Tcp)
  Physical resource: led_wave/ctr_q<15>/CLK
  Logical resource: led_wave/ctr_q_13/CK
  Location pin: SLICE_X8Y43.CLK
  Clock network: clk_BUFGP
--------------------------------------------------------------------------------


All constraints were met.


Data Sheet report:
-----------------
All values displayed in nanoseconds (ns)

Clock to Setup on destination clock clk
---------------+---------+---------+---------+---------+
               | Src:Rise| Src:Fall| Src:Rise| Src:Fall|
Source Clock   |Dest:Rise|Dest:Rise|Dest:Fall|Dest:Fall|
---------------+---------+---------+---------+---------+
clk            |    5.947|         |         |         |
---------------+---------+---------+---------+---------+


Timing summary:
---------------

Timing errors: 0  Score: 0  (Setup/Max: 0, Hold: 0)

Constraints cover 18084 paths, 0 nets, and 364 connections

Design statistics:
   Minimum period:   5.947ns{1}   (Maximum frequency: 168.152MHz)


------------------------------------Footnotes-----------------------------------
1)  The minimum period statistic assumes all single cycle delays.

Analysis completed Fri Aug 30 21:51:24 2013 
--------------------------------------------------------------------------------

Trace Settings:
-------------------------
Trace Settings 

Peak Memory Usage: 390 MB



